<?xml version="1.0" encoding="UTF-8"?>
<!-- Generated by org.testng.reporters.JUnitReportReporter -->
<testsuite hostname="ip-172-31-25-243" failures="0" tests="1" name="testng.MultipleTCExample" time="0.002" errors="0" timestamp="20 Jul 2024 16:27:24 GMT" skipped="0">
  <testcase classname="testng.MultipleTCExample" name="TC03" time="0.002"/>
</testsuite> <!-- testng.MultipleTCExample -->
